{
  "stats": {
    "suites": 1,
    "tests": 1,
    "passes": 0,
    "pending": 0,
    "failures": 1,
    "start": "2021-11-06T09:25:13.996Z",
    "end": "2021-11-06T09:25:55.643Z",
    "duration": 41647,
    "testsRegistered": 1,
    "passPercent": 0,
    "pendingPercent": 0,
    "other": 0,
    "hasOther": false,
    "skipped": 0,
    "hasSkipped": false
  },
  "results": [
    {
      "uuid": "056e28b1-109b-48d4-bfd4-4ff55deb303d",
      "title": "",
      "fullFile": "cypress/integration/learning/14_radiobox.spec.js",
      "file": "cypress/integration/learning/14_radiobox.spec.js",
      "beforeHooks": [],
      "afterHooks": [],
      "tests": [],
      "suites": [
        {
          "uuid": "4d2e4bd5-e653-421f-9096-5af1d13c17d8",
          "title": "Radio box Testing ",
          "fullFile": "",
          "file": "",
          "beforeHooks": [],
          "afterHooks": [],
          "tests": [
            {
              "title": "Radio box test case",
              "fullTitle": "Radio box Testing  Radio box test case",
              "timedOut": null,
              "duration": 10568,
              "state": "failed",
              "speed": null,
              "pass": false,
              "fail": true,
              "pending": false,
              "context": "{\n  \"title\": \"cypress-mochawesome-reporter-screenshots\",\n  \"value\": [\n    [\n      {\n        \"title\": \"Failed screenshot\",\n        \"value\": \"\\\\learning\\\\14_radiobox.spec.js\\\\Radio box Testing -- Radio box test case (failed).png\"\n      }\n    ],\n    [\n      {\n        \"title\": \"Failed screenshot\",\n        \"value\": \"\\\\learning\\\\14_radiobox.spec.js\\\\Radio box Testing -- Radio box test case (failed) (attempt 2).png\"\n      }\n    ],\n    [\n      {\n        \"title\": \"Failed screenshot\",\n        \"value\": \"\\\\learning\\\\14_radiobox.spec.js\\\\Radio box Testing -- Radio box test case (failed) (attempt 3).png\"\n      }\n    ]\n  ]\n}",
              "code": "cy.visit(\"https://rahulshettyacademy.com/AutomationPractice/\"); //Comparision : Have ; Behaviourial : be\ncy.get('input#checkBoxOption1').check().should('be.checked').and('have.value', 'option1');\ncy.get('input#checkBoxOption1').uncheck().should('not.be.checked').and('have.value', 'option1');\ncy.get('input[type=\"checkbox\"]').check(['option2', 'option3']); // cy.get('input[type=\"checkbox\"]').check()\n//Static Dropdown\ncy.get('select').select('option2').should('have.value', 'option2'); //Dynamic Dropdown\ncy.get('input#autocomplete').type('ind');\ncy.get('li.ui-menu-item div').each(($el, index, $list) => {\n  if ($el.text() == 'India') {\n    cy.wrap($el).click();\n  }\n});\ncy.get('#autocomplete').should('have.value', 'India');\ncy.log(\" Dropdown Automated \");\ncy.get('#displayed-text').should('be.visible');\ncy.get('#hide-textbox').click();\ncy.get('#displayed-text').should('not.be.visible');\ncy.get('#show-textbox   ').click();\ncy.get('#displayed-text').should('be.visible');\ncy.log(' Hide/Show Automated ');\ncy.get('[value=\"radio2\"]').check().should('be.checked').and('have.value', 'radio2');\ncy.log(' Radio Button Automated');",
              "err": {
                "message": "CypressError: Timed out after waiting `10000ms` for your remote page to load.\n\nYour page did not fire its `load` event within `10000ms`.\n\nYou can try increasing the `pageLoadTimeout` value in `cypress.json` to wait longer.\n\nBrowsers will not fire the `load` event until all stylesheets and scripts are done downloading.\n\nWhen this `load` event occurs, Cypress will continue running commands.",
                "estack": "CypressError: Timed out after waiting `10000ms` for your remote page to load.\n\nYour page did not fire its `load` event within `10000ms`.\n\nYou can try increasing the `pageLoadTimeout` value in `cypress.json` to wait longer.\n\nBrowsers will not fire the `load` event until all stylesheets and scripts are done downloading.\n\nWhen this `load` event occurs, Cypress will continue running commands.\n    at timedOutWaitingForPageLoad (https://rahulshettyacademy.com/__cypress/runner/cypress_runner.js:155077:72)\n    at https://rahulshettyacademy.com/__cypress/runner/cypress_runner.js:156114:16\n    at tryCatcher (https://rahulshettyacademy.com/__cypress/runner/cypress_runner.js:13212:23)\n    at https://rahulshettyacademy.com/__cypress/runner/cypress_runner.js:8334:41\n    at tryCatcher (https://rahulshettyacademy.com/__cypress/runner/cypress_runner.js:13212:23)\n    at Promise._settlePromiseFromHandler (https://rahulshettyacademy.com/__cypress/runner/cypress_runner.js:11147:31)\n    at Promise._settlePromise (https://rahulshettyacademy.com/__cypress/runner/cypress_runner.js:11204:18)\n    at Promise._settlePromise0 (https://rahulshettyacademy.com/__cypress/runner/cypress_runner.js:11249:10)\n    at Promise._settlePromises (https://rahulshettyacademy.com/__cypress/runner/cypress_runner.js:11325:18)\n    at _drainQueueStep (https://rahulshettyacademy.com/__cypress/runner/cypress_runner.js:7919:12)\n    at _drainQueue (https://rahulshettyacademy.com/__cypress/runner/cypress_runner.js:7912:9)\n    at Async.../../node_modules/bluebird/js/release/async.js.Async._drainQueues (https://rahulshettyacademy.com/__cypress/runner/cypress_runner.js:7928:5)\n    at Async.drainQueues (https://rahulshettyacademy.com/__cypress/runner/cypress_runner.js:7798:14)\nFrom Your Spec Code:\n    at Context.eval (https://rahulshettyacademy.com/__cypress/tests?p=cypress\\integration\\learning\\14_radiobox.spec.js:102:8)",
                "diff": null
              },
              "uuid": "fb44b129-3879-4ae1-9fb5-4acdb744bcbb",
              "parentUUID": "4d2e4bd5-e653-421f-9096-5af1d13c17d8",
              "isHook": false,
              "skipped": false
            }
          ],
          "suites": [],
          "passes": [],
          "failures": [
            "fb44b129-3879-4ae1-9fb5-4acdb744bcbb"
          ],
          "pending": [],
          "skipped": [],
          "duration": 10568,
          "root": false,
          "rootEmpty": false,
          "_timeout": 2000
        }
      ],
      "passes": [],
      "failures": [],
      "pending": [],
      "skipped": [],
      "duration": 0,
      "root": true,
      "rootEmpty": true,
      "_timeout": 2000
    }
  ],
  "meta": {
    "mocha": {
      "version": "7.0.1"
    },
    "mochawesome": {
      "options": {
        "quiet": false,
        "reportFilename": "mochawesome",
        "saveHtml": true,
        "saveJson": true,
        "consoleReporter": "spec",
        "useInlineDiffs": false,
        "code": true
      },
      "version": "7.0.1"
    },
    "marge": {
      "options": {
        "id": "default",
        "reportDir": "cypress/reports/mocha",
        "quite": true,
        "overwrite": false,
        "html": true,
        "json": true,
        "charts": true
      },
      "version": "6.0.1"
    }
  }
}